app
-app
play
-play
bkp
-bkp
backup
-backup
extranet
-extranet
sql
-sql
www
-www
com
-com
com-br
-com-br
intranet
-intranet
-movies
movies
-x-x-x
-xxx
xxx
-bco
bco
ftp
-ftp
telnet
-telnet
go
-go
mail
-mail
conf
-conf
dba
-dba
database
-database
net
-net
-passwd
passwd
pass
-pass
password
-passwords
root
-root
-log
log
login
-login
sys
-sys
mkt
-mkt
player
-player
plugin
-plugin
system
-system
intra
-intra
list
-list
movie
-movie
user
-user
users
-users
adm
-adm
cms
-cms
admin
-admin
project
-project
test
-test
app-adm
-app-adm
shop
-shop
shopping
-shopping
credit
-credit
imob
-imob
panel
-panel
cp
-cp
gift
-gift
marketing
-marketing
dev
-dev
data
-data
img
-img
tv
-tv
video
-video
stream
-stream
iot
-iot
cpanel
-cpanel
php
-php
asp
-asp
site
-site
web
-web
-website
website
gov
-gov
aws
-aws
s3
-s3
amazon
-amazon
amazons3
-amazons3
cloud
-cloud
vpn
-vpn
proxy
-proxy
private
-private
magazine
-magazine
bank
-bank
chat
-chat
webchat
-webchat
webvideo
-webvideo
corp
-corp
brand
-brand
full
-full
list
-list
up
-up
update
-update
upload
-upload
myadmin
-myadmin
videos
-videos
core
-core
sysadmin
-sysadmin
deliver
-deliver
card
-card
beta
-beta
alpha
-alpha
firewall
-firewall
files
-files
webcam
-webcam
sec
-sec
waf
-waf
1
-1
2
-2
3
-3
4
-4
5
-5
6
-6
7
-7
8
-8
9
-9
0
-0
123
-123
-1-2-3
project
-project
portal
-portal
java
-java
scripts
-scripts
javascript
-javascript
plugins
-plugins
games
-games
new
-new
news
-news
adult
-adult
banco
-banco
sac
-sac
wiki
-wiki
mobile
-mobile
m
-m
ondemand
-ondemand
designer
-designer
call
-call
callcenter
-callcenter
store
-store
host
-host
car
-car
info
-info
institute
-institute
db
-db
dbdata
-dbdata
network
-netword
social
-social
lib
-lib
ecommerce
-ecommerce
loja
-loja
account
-account
accounts
-accounts
market
-market
marketplace
-marketplace
group
-group
rh
-rh
cluster
-cluster
json
-json
bkpdata
-bkpdata
bkplog
-bkplog
saas
-saas
person
-person
pessoas
-pessoas
online
-online
storage
-storage
plus
-plus
central
-central
blog
-blog
cam
-cam
vps
-vps
cdn
-cdn
servico
-servico
.cdn
.com
.com.br
.host
.img
.data
.files
.test
.online
.app
.play
.store
.bkp
.backup
.login
.mobile
.dev
.sql